#
# A fatal error has been detected by the Java Runtime Environment:
#
#  SIGBUS (0x7) at pc=0x00007fadb35bbecd, pid=24388, tid=0x00007fad90751700
#
# JRE version: OpenJDK Runtime Environment (8.0_282-b08) (build 1.8.0_282-8u282-b08-0ubuntu1~16.04-b08)
# Java VM: OpenJDK 64-Bit Server VM (25.282-b08 mixed mode linux-amd64 compressed oops)
# Problematic frame:
# C  [libzip.so+0x4ecd]
#
# Failed to write core dump. Core dumps have been disabled. To enable core dumping, try "ulimit -c unlimited" before starting Java again
#
# If you would like to submit a bug report, please visit:
#   http://bugreport.java.com/bugreport/crash.jsp
# The crash happened outside the Java Virtual Machine in native code.
# See problematic frame for where to report the bug.
#

---------------  T H R E A D  ---------------

Current thread (0x00007fad34036800):  JavaThread "Thread-11" [_thread_in_native, id=24779, stack(0x00007fad90651000,0x00007fad90752000)]

siginfo: si_signo: 7 (SIGBUS), si_code: 2 (BUS_ADRERR), si_addr: 0x00007fad93f86457

Registers:
RAX=0x00007facc40018e0, RBX=0x00007fadb4263820, RCX=0x00007fad93f86437, RDX=0x00007facc40018e0
RSP=0x00007fad9074e6f0, RBP=0x00007fad9074e760, RSI=0x00000000000000a0, RDI=0x00007fad9074e670
R8 =0x000000009ac6435b, R9 =0x00007fadb9f23780, R10=0x00007fada46ea658, R11=0x00000000d7aa0910
R12=0x00007fadb429d908, R13=0x00007fad9074e7fa, R14=0x00007facd00010d0, R15=0x00007facc40018e0
RIP=0x00007fadb35bbecd, EFLAGS=0x0000000000010202, CSGSFS=0x002b000000000033, ERR=0x0000000000000004
  TRAPNO=0x000000000000000e

Top of Stack: (sp=0x00007fad9074e6f0)
0x00007fad9074e6f0:   0000000000000000 0000000000000000
0x00007fad9074e700:   00000000a2d4a640 0000000092eed7e8
0x00007fad9074e710:   0000000092eed1b8 0000000092ee6f58
0x00007fad9074e720:   0000000034036800 00007fadb9862cb0
0x00007fad9074e730:   000000000000002b 00007fadb429d900
0x00007fad9074e740:   000000009ac6435b 00007fad9074e7fa
0x00007fad9074e750:   00007facd00010d0 00007fadb4263820
0x00007fad9074e760:   00007fad9074e7b0 00007fadb35bcc64
0x00007fad9074e770:   00007fad9074e7d0 0000002b01167800
0x00007fad9074e780:   00007fad9074e7b0 000000000000002b
0x00007fad9074e790:   00007fad34036a50 0000000086ebb2c8
0x00007fad9074e7a0:   00007fad9074ec28 00007fadb4263820
0x00007fad9074e7b0:   00007fad9074ec10 00007fadb35babcc
0x00007fad9074e7c0:   00007fad9074e7d0 0000000190762838
0x00007fad9074e7d0:   696c63652f67726f 7474656a2f657370
0x00007fad9074e7e0:   462f6c6974752f79 6c61436572757475
0x00007fad9074e7f0:   6c632e6b6361626c 0000000000737361
0x00007fad9074e800:   0000000000000000 0000000000000000
0x00007fad9074e810:   0000000000000000 0000000092023100
0x00007fad9074e820:   0000000090762798 00000000a288e9b0
0x00007fad9074e830:   0000000092bdd2d8 0000000000000000
0x00007fad9074e840:   0000000000000000 0000000000000000
0x00007fad9074e850:   0000000091b9c640 00007fadba6256de
0x00007fad9074e860:   00007fad9074ee10 00007fad9074ee00
0x00007fad9074e870:   00007fadb9acd359 00007fad9074efd0
0x00007fad9074e880:   0000000000000000 00007fadba5f793d
0x00007fad9074e890:   0000000092bdd258 0000000000000000
0x00007fad9074e8a0:   0000000000000000 00007fad9074e978
0x00007fad9074e8b0:   00007fad9074e968 0000000000000000
0x00007fad9074e8c0:   0000000000000000 00007fad9074e980
0x00007fad9074e8d0:   0000000000000000 0000000090762738
0x00007fad9074e8e0:   0000000000000000 0000000000000020 

Instructions: (pc=0x00007fadb35bbecd)
0x00007fadb35bbead:   40 30 00 00 00 00 48 c7 40 28 00 00 00 00 0f 84
0x00007fadb35bbebd:   bf 01 00 00 49 8b 0c 24 48 2b 4b 28 48 03 4b 18
0x00007fadb35bbecd:   0f b7 41 20 44 0f b7 69 1c 49 89 ce 44 0f b7 61
0x00007fadb35bbedd:   1e 89 45 c0 41 8b 46 0c 48 c7 45 c8 00 00 00 00 

Register to memory mapping:

RAX=0x00007facc40018e0 is an unknown value
RBX=0x00007fadb4263820 is an unknown value
RCX=0x00007fad93f86437 is an unknown value
RDX=0x00007facc40018e0 is an unknown value
RSP=0x00007fad9074e6f0 is pointing into the stack for thread: 0x00007fad34036800
RBP=0x00007fad9074e760 is pointing into the stack for thread: 0x00007fad34036800
RSI=0x00000000000000a0 is an unknown value
RDI=0x00007fad9074e670 is pointing into the stack for thread: 0x00007fad34036800
R8 =0x000000009ac6435b is an unallocated location in the heap
R9 =0x00007fadb9f23780: <offset 0xfcb780> in /usr/lib/jvm/java-8-openjdk-amd64/jre/lib/amd64/server/libjvm.so at 0x00007fadb8f58000
R10=0x00007fada46ea658 is at entry_point+88 in (nmethod*)0x00007fada46ea490
R11=0x00000000d7aa0910 is an oop
